[       4ms] [WARNING] <link rel=preload> has an invalid `href` value @ https://app.reclaim.ai/m/redsovereign:0
[     400ms] [ERROR] WebSocket connection to 'wss://ws.app.reclaim.ai/' failed: HTTP Authentication failed; no valid credentials available @ https://app.reclaim.ai/_next/static/chunks/pages/_app-459260db5a5a72fe.js:223
[     555ms] [WARNING] [Intercom] The App ID in your code snippet has not been set. Set it to your App ID found in settings to complete installation: https://app.intercom.com/a/apps/_/settings/web @ https://js.intercomcdn.com/frame-modern.b7c9863c.js:0
[     813ms] [ERROR] Failed to load resource: the server responded with a status of 401 () @ https://api.app.reclaim.ai/api/calendars/sync-policy:0
[     814ms] [ERROR] Failed to load resource: the server responded with a status of 401 () @ https://api.app.reclaim.ai/api/users/current:0
[     997ms] [ERROR] Failed to load resource: the server responded with a status of 401 () @ https://api.app.reclaim.ai/api/integrations/enabled:0
[    2795ms] [ERROR] Failed to load resource: the server responded with a status of 429 () @ https://sentry.io/api/1873136/envelope/?sentry_key=f9d556da3e3c456685343c8af45f63b0&sentry_version=7&sentry_client=sentry.javascript.nextjs%2F7.120.4:0
[    5510ms] [ERROR] WebSocket connection to 'wss://ws.app.reclaim.ai/' failed: HTTP Authentication failed; no valid credentials available @ https://app.reclaim.ai/_next/static/chunks/pages/_app-459260db5a5a72fe.js:223
[   10612ms] [ERROR] WebSocket connection to 'wss://ws.app.reclaim.ai/' failed: HTTP Authentication failed; no valid credentials available @ https://app.reclaim.ai/_next/static/chunks/pages/_app-459260db5a5a72fe.js:223
[   15717ms] [ERROR] WebSocket connection to 'wss://ws.app.reclaim.ai/' failed: HTTP Authentication failed; no valid credentials available @ https://app.reclaim.ai/_next/static/chunks/pages/_app-459260db5a5a72fe.js:223
[   16194ms] [WARNING] 👋 CommandBar is almost ready. You just need to call `boot()` to make it available in your app. Learn more: https://www.commandbar.com/docs/sdk/lifecycle/boot/ @ https://app.reclaim.ai/_next/static/chunks/pages/_app-459260db5a5a72fe.js:185
[   20825ms] [ERROR] WebSocket connection to 'wss://ws.app.reclaim.ai/' failed: HTTP Authentication failed; no valid credentials available @ https://app.reclaim.ai/_next/static/chunks/pages/_app-459260db5a5a72fe.js:223
[   25939ms] [ERROR] WebSocket connection to 'wss://ws.app.reclaim.ai/' failed: HTTP Authentication failed; no valid credentials available @ https://app.reclaim.ai/_next/static/chunks/pages/_app-459260db5a5a72fe.js:223
[   31046ms] [ERROR] WebSocket connection to 'wss://ws.app.reclaim.ai/' failed: HTTP Authentication failed; no valid credentials available @ https://app.reclaim.ai/_next/static/chunks/pages/_app-459260db5a5a72fe.js:223
[   36178ms] [ERROR] WebSocket connection to 'wss://ws.app.reclaim.ai/' failed: HTTP Authentication failed; no valid credentials available @ https://app.reclaim.ai/_next/static/chunks/pages/_app-459260db5a5a72fe.js:223
[   41308ms] [ERROR] WebSocket connection to 'wss://ws.app.reclaim.ai/' failed: HTTP Authentication failed; no valid credentials available @ https://app.reclaim.ai/_next/static/chunks/pages/_app-459260db5a5a72fe.js:223
[   46481ms] [ERROR] WebSocket connection to 'wss://ws.app.reclaim.ai/' failed: HTTP Authentication failed; no valid credentials available @ https://app.reclaim.ai/_next/static/chunks/pages/_app-459260db5a5a72fe.js:223
[   51624ms] [ERROR] WebSocket connection to 'wss://ws.app.reclaim.ai/' failed: HTTP Authentication failed; no valid credentials available @ https://app.reclaim.ai/_next/static/chunks/pages/_app-459260db5a5a72fe.js:223
[   56893ms] [ERROR] WebSocket connection to 'wss://ws.app.reclaim.ai/' failed: HTTP Authentication failed; no valid credentials available @ https://app.reclaim.ai/_next/static/chunks/pages/_app-459260db5a5a72fe.js:223
[   62421ms] [ERROR] WebSocket connection to 'wss://ws.app.reclaim.ai/' failed: HTTP Authentication failed; no valid credentials available @ https://app.reclaim.ai/_next/static/chunks/pages/_app-459260db5a5a72fe.js:223
[   68745ms] [ERROR] WebSocket connection to 'wss://ws.app.reclaim.ai/' failed: HTTP Authentication failed; no valid credentials available @ https://app.reclaim.ai/_next/static/chunks/pages/_app-459260db5a5a72fe.js:223
[   76106ms] [ERROR] WebSocket connection to 'wss://ws.app.reclaim.ai/' failed: HTTP Authentication failed; no valid credentials available @ https://app.reclaim.ai/_next/static/chunks/pages/_app-459260db5a5a72fe.js:223
[   82705ms] [ERROR] WebSocket connection to 'wss://ws.app.reclaim.ai/' failed: HTTP Authentication failed; no valid credentials available @ https://app.reclaim.ai/_next/static/chunks/pages/_app-459260db5a5a72fe.js:223
[   89661ms] [ERROR] WebSocket connection to 'wss://ws.app.reclaim.ai/' failed: HTTP Authentication failed; no valid credentials available @ https://app.reclaim.ai/_next/static/chunks/pages/_app-459260db5a5a72fe.js:223
[   96339ms] [ERROR] WebSocket connection to 'wss://ws.app.reclaim.ai/' failed: HTTP Authentication failed; no valid credentials available @ https://app.reclaim.ai/_next/static/chunks/pages/_app-459260db5a5a72fe.js:223
[  106354ms] [ERROR] WebSocket connection to 'wss://ws.app.reclaim.ai/' failed: HTTP Authentication failed; no valid credentials available @ https://app.reclaim.ai/_next/static/chunks/pages/_app-459260db5a5a72fe.js:223
[  115398ms] [ERROR] WebSocket connection to 'wss://ws.app.reclaim.ai/' failed: HTTP Authentication failed; no valid credentials available @ https://app.reclaim.ai/_next/static/chunks/pages/_app-459260db5a5a72fe.js:223
[  120517ms] [ERROR] WebSocket connection to 'wss://ws.app.reclaim.ai/' failed: HTTP Authentication failed; no valid credentials available @ https://app.reclaim.ai/_next/static/chunks/pages/_app-459260db5a5a72fe.js:223
[  125647ms] [ERROR] WebSocket connection to 'wss://ws.app.reclaim.ai/' failed: HTTP Authentication failed; no valid credentials available @ https://app.reclaim.ai/_next/static/chunks/pages/_app-459260db5a5a72fe.js:223
[  130749ms] [ERROR] WebSocket connection to 'wss://ws.app.reclaim.ai/' failed: HTTP Authentication failed; no valid credentials available @ https://app.reclaim.ai/_next/static/chunks/pages/_app-459260db5a5a72fe.js:223
[  135873ms] [ERROR] WebSocket connection to 'wss://ws.app.reclaim.ai/' failed: HTTP Authentication failed; no valid credentials available @ https://app.reclaim.ai/_next/static/chunks/pages/_app-459260db5a5a72fe.js:223
[  140982ms] [ERROR] WebSocket connection to 'wss://ws.app.reclaim.ai/' failed: HTTP Authentication failed; no valid credentials available @ https://app.reclaim.ai/_next/static/chunks/pages/_app-459260db5a5a72fe.js:223
[  146106ms] [ERROR] WebSocket connection to 'wss://ws.app.reclaim.ai/' failed: HTTP Authentication failed; no valid credentials available @ https://app.reclaim.ai/_next/static/chunks/pages/_app-459260db5a5a72fe.js:223
[  151219ms] [ERROR] WebSocket connection to 'wss://ws.app.reclaim.ai/' failed: HTTP Authentication failed; no valid credentials available @ https://app.reclaim.ai/_next/static/chunks/pages/_app-459260db5a5a72fe.js:223
[  156353ms] [ERROR] WebSocket connection to 'wss://ws.app.reclaim.ai/' failed: HTTP Authentication failed; no valid credentials available @ https://app.reclaim.ai/_next/static/chunks/pages/_app-459260db5a5a72fe.js:223
[  161472ms] [ERROR] WebSocket connection to 'wss://ws.app.reclaim.ai/' failed: HTTP Authentication failed; no valid credentials available @ https://app.reclaim.ai/_next/static/chunks/pages/_app-459260db5a5a72fe.js:223
[  166598ms] [ERROR] WebSocket connection to 'wss://ws.app.reclaim.ai/' failed: HTTP Authentication failed; no valid credentials available @ https://app.reclaim.ai/_next/static/chunks/pages/_app-459260db5a5a72fe.js:223
[  171823ms] [ERROR] WebSocket connection to 'wss://ws.app.reclaim.ai/' failed: HTTP Authentication failed; no valid credentials available @ https://app.reclaim.ai/_next/static/chunks/pages/_app-459260db5a5a72fe.js:223
[  177004ms] [ERROR] WebSocket connection to 'wss://ws.app.reclaim.ai/' failed: HTTP Authentication failed; no valid credentials available @ https://app.reclaim.ai/_next/static/chunks/pages/_app-459260db5a5a72fe.js:223
[  182399ms] [ERROR] WebSocket connection to 'wss://ws.app.reclaim.ai/' failed: HTTP Authentication failed; no valid credentials available @ https://app.reclaim.ai/_next/static/chunks/pages/_app-459260db5a5a72fe.js:223
[  187898ms] [ERROR] WebSocket connection to 'wss://ws.app.reclaim.ai/' failed: HTTP Authentication failed; no valid credentials available @ https://app.reclaim.ai/_next/static/chunks/pages/_app-459260db5a5a72fe.js:223
[  195072ms] [ERROR] WebSocket connection to 'wss://ws.app.reclaim.ai/' failed: HTTP Authentication failed; no valid credentials available @ https://app.reclaim.ai/_next/static/chunks/pages/_app-459260db5a5a72fe.js:223
[  203240ms] [ERROR] WebSocket connection to 'wss://ws.app.reclaim.ai/' failed: HTTP Authentication failed; no valid credentials available @ https://app.reclaim.ai/_next/static/chunks/pages/_app-459260db5a5a72fe.js:223
[  211765ms] [ERROR] WebSocket connection to 'wss://ws.app.reclaim.ai/' failed: HTTP Authentication failed; no valid credentials available @ https://app.reclaim.ai/_next/static/chunks/pages/_app-459260db5a5a72fe.js:223
[  219126ms] [ERROR] WebSocket connection to 'wss://ws.app.reclaim.ai/' failed: HTTP Authentication failed; no valid credentials available @ https://app.reclaim.ai/_next/static/chunks/pages/_app-459260db5a5a72fe.js:223
[  228248ms] [ERROR] WebSocket connection to 'wss://ws.app.reclaim.ai/' failed: HTTP Authentication failed; no valid credentials available @ https://app.reclaim.ai/_next/static/chunks/pages/_app-459260db5a5a72fe.js:223
[  237274ms] [ERROR] WebSocket connection to 'wss://ws.app.reclaim.ai/' failed: HTTP Authentication failed; no valid credentials available @ https://app.reclaim.ai/_next/static/chunks/pages/_app-459260db5a5a72fe.js:223
[  242373ms] [ERROR] WebSocket connection to 'wss://ws.app.reclaim.ai/' failed: HTTP Authentication failed; no valid credentials available @ https://app.reclaim.ai/_next/static/chunks/pages/_app-459260db5a5a72fe.js:223
[  247475ms] [ERROR] WebSocket connection to 'wss://ws.app.reclaim.ai/' failed: HTTP Authentication failed; no valid credentials available @ https://app.reclaim.ai/_next/static/chunks/pages/_app-459260db5a5a72fe.js:223
[  252614ms] [ERROR] WebSocket connection to 'wss://ws.app.reclaim.ai/' failed: HTTP Authentication failed; no valid credentials available @ https://app.reclaim.ai/_next/static/chunks/pages/_app-459260db5a5a72fe.js:223
[  257716ms] [ERROR] WebSocket connection to 'wss://ws.app.reclaim.ai/' failed: HTTP Authentication failed; no valid credentials available @ https://app.reclaim.ai/_next/static/chunks/pages/_app-459260db5a5a72fe.js:223
[  262820ms] [ERROR] WebSocket connection to 'wss://ws.app.reclaim.ai/' failed: HTTP Authentication failed; no valid credentials available @ https://app.reclaim.ai/_next/static/chunks/pages/_app-459260db5a5a72fe.js:223
[  267944ms] [ERROR] WebSocket connection to 'wss://ws.app.reclaim.ai/' failed: HTTP Authentication failed; no valid credentials available @ https://app.reclaim.ai/_next/static/chunks/pages/_app-459260db5a5a72fe.js:223
[  273057ms] [ERROR] WebSocket connection to 'wss://ws.app.reclaim.ai/' failed: HTTP Authentication failed; no valid credentials available @ https://app.reclaim.ai/_next/static/chunks/pages/_app-459260db5a5a72fe.js:223
[  278174ms] [ERROR] WebSocket connection to 'wss://ws.app.reclaim.ai/' failed: HTTP Authentication failed; no valid credentials available @ https://app.reclaim.ai/_next/static/chunks/pages/_app-459260db5a5a72fe.js:223
[  283327ms] [ERROR] WebSocket connection to 'wss://ws.app.reclaim.ai/' failed: HTTP Authentication failed; no valid credentials available @ https://app.reclaim.ai/_next/static/chunks/pages/_app-459260db5a5a72fe.js:223
[  288511ms] [ERROR] WebSocket connection to 'wss://ws.app.reclaim.ai/' failed: HTTP Authentication failed; no valid credentials available @ https://app.reclaim.ai/_next/static/chunks/pages/_app-459260db5a5a72fe.js:223
[  293698ms] [ERROR] WebSocket connection to 'wss://ws.app.reclaim.ai/' failed: HTTP Authentication failed; no valid credentials available @ https://app.reclaim.ai/_next/static/chunks/pages/_app-459260db5a5a72fe.js:223
[  298977ms] [ERROR] WebSocket connection to 'wss://ws.app.reclaim.ai/' failed: HTTP Authentication failed; no valid credentials available @ https://app.reclaim.ai/_next/static/chunks/pages/_app-459260db5a5a72fe.js:223
[  304651ms] [ERROR] WebSocket connection to 'wss://ws.app.reclaim.ai/' failed: HTTP Authentication failed; no valid credentials available @ https://app.reclaim.ai/_next/static/chunks/pages/_app-459260db5a5a72fe.js:223
[  310556ms] [ERROR] WebSocket connection to 'wss://ws.app.reclaim.ai/' failed: HTTP Authentication failed; no valid credentials available @ https://app.reclaim.ai/_next/static/chunks/pages/_app-459260db5a5a72fe.js:223
[  316382ms] [ERROR] WebSocket connection to 'wss://ws.app.reclaim.ai/' failed: HTTP Authentication failed; no valid credentials available @ https://app.reclaim.ai/_next/static/chunks/pages/_app-459260db5a5a72fe.js:223
[  324007ms] [ERROR] WebSocket connection to 'wss://ws.app.reclaim.ai/' failed: HTTP Authentication failed; no valid credentials available @ https://app.reclaim.ai/_next/static/chunks/pages/_app-459260db5a5a72fe.js:223
[  333897ms] [ERROR] WebSocket connection to 'wss://ws.app.reclaim.ai/' failed: HTTP Authentication failed; no valid credentials available @ https://app.reclaim.ai/_next/static/chunks/pages/_app-459260db5a5a72fe.js:223
[  341095ms] [ERROR] WebSocket connection to 'wss://ws.app.reclaim.ai/' failed: HTTP Authentication failed; no valid credentials available @ https://app.reclaim.ai/_next/static/chunks/pages/_app-459260db5a5a72fe.js:223
[  350489ms] [ERROR] WebSocket connection to 'wss://ws.app.reclaim.ai/' failed: HTTP Authentication failed; no valid credentials available @ https://app.reclaim.ai/_next/static/chunks/pages/_app-459260db5a5a72fe.js:223
[  356973ms] [ERROR] WebSocket connection to 'wss://ws.app.reclaim.ai/' failed: HTTP Authentication failed; no valid credentials available @ https://app.reclaim.ai/_next/static/chunks/pages/_app-459260db5a5a72fe.js:223
[  366106ms] [ERROR] WebSocket connection to 'wss://ws.app.reclaim.ai/' failed: HTTP Authentication failed; no valid credentials available @ https://app.reclaim.ai/_next/static/chunks/pages/_app-459260db5a5a72fe.js:223
[  372427ms] [ERROR] WebSocket connection to 'wss://ws.app.reclaim.ai/' failed: HTTP Authentication failed; no valid credentials available @ https://app.reclaim.ai/_next/static/chunks/pages/_app-459260db5a5a72fe.js:223
[  381162ms] [ERROR] WebSocket connection to 'wss://ws.app.reclaim.ai/' failed: HTTP Authentication failed; no valid credentials available @ https://app.reclaim.ai/_next/static/chunks/pages/_app-459260db5a5a72fe.js:223
[  388660ms] [ERROR] WebSocket connection to 'wss://ws.app.reclaim.ai/' failed: HTTP Authentication failed; no valid credentials available @ https://app.reclaim.ai/_next/static/chunks/pages/_app-459260db5a5a72fe.js:223
[  396379ms] [ERROR] WebSocket connection to 'wss://ws.app.reclaim.ai/' failed: HTTP Authentication failed; no valid credentials available @ https://app.reclaim.ai/_next/static/chunks/pages/_app-459260db5a5a72fe.js:223
[  403734ms] [ERROR] WebSocket connection to 'wss://ws.app.reclaim.ai/' failed: HTTP Authentication failed; no valid credentials available @ https://app.reclaim.ai/_next/static/chunks/pages/_app-459260db5a5a72fe.js:223
[  410090ms] [ERROR] WebSocket connection to 'wss://ws.app.reclaim.ai/' failed: HTTP Authentication failed; no valid credentials available @ https://app.reclaim.ai/_next/static/chunks/pages/_app-459260db5a5a72fe.js:223
[  417440ms] [ERROR] WebSocket connection to 'wss://ws.app.reclaim.ai/' failed: HTTP Authentication failed; no valid credentials available @ https://app.reclaim.ai/_next/static/chunks/pages/_app-459260db5a5a72fe.js:223
[  425408ms] [ERROR] WebSocket connection to 'wss://ws.app.reclaim.ai/' failed: HTTP Authentication failed; no valid credentials available @ https://app.reclaim.ai/_next/static/chunks/pages/_app-459260db5a5a72fe.js:223
[  435065ms] [ERROR] WebSocket connection to 'wss://ws.app.reclaim.ai/' failed: HTTP Authentication failed; no valid credentials available @ https://app.reclaim.ai/_next/static/chunks/pages/_app-459260db5a5a72fe.js:223
[  442872ms] [ERROR] WebSocket connection to 'wss://ws.app.reclaim.ai/' failed: HTTP Authentication failed; no valid credentials available @ https://app.reclaim.ai/_next/static/chunks/pages/_app-459260db5a5a72fe.js:223
[  449921ms] [ERROR] WebSocket connection to 'wss://ws.app.reclaim.ai/' failed: HTTP Authentication failed; no valid credentials available @ https://app.reclaim.ai/_next/static/chunks/pages/_app-459260db5a5a72fe.js:223
[  456907ms] [ERROR] WebSocket connection to 'wss://ws.app.reclaim.ai/' failed: HTTP Authentication failed; no valid credentials available @ https://app.reclaim.ai/_next/static/chunks/pages/_app-459260db5a5a72fe.js:223
[  465682ms] [ERROR] WebSocket connection to 'wss://ws.app.reclaim.ai/' failed: HTTP Authentication failed; no valid credentials available @ https://app.reclaim.ai/_next/static/chunks/pages/_app-459260db5a5a72fe.js:223
[  473044ms] [ERROR] WebSocket connection to 'wss://ws.app.reclaim.ai/' failed: HTTP Authentication failed; no valid credentials available @ https://app.reclaim.ai/_next/static/chunks/pages/_app-459260db5a5a72fe.js:223
[  481894ms] [ERROR] WebSocket connection to 'wss://ws.app.reclaim.ai/' failed: HTTP Authentication failed; no valid credentials available @ https://app.reclaim.ai/_next/static/chunks/pages/_app-459260db5a5a72fe.js:223
[  487008ms] [ERROR] WebSocket connection to 'wss://ws.app.reclaim.ai/' failed: HTTP Authentication failed; no valid credentials available @ https://app.reclaim.ai/_next/static/chunks/pages/_app-459260db5a5a72fe.js:223
[  492117ms] [ERROR] WebSocket connection to 'wss://ws.app.reclaim.ai/' failed: HTTP Authentication failed; no valid credentials available @ https://app.reclaim.ai/_next/static/chunks/pages/_app-459260db5a5a72fe.js:223
[  497225ms] [ERROR] WebSocket connection to 'wss://ws.app.reclaim.ai/' failed: HTTP Authentication failed; no valid credentials available @ https://app.reclaim.ai/_next/static/chunks/pages/_app-459260db5a5a72fe.js:223
[  502335ms] [ERROR] WebSocket connection to 'wss://ws.app.reclaim.ai/' failed: HTTP Authentication failed; no valid credentials available @ https://app.reclaim.ai/_next/static/chunks/pages/_app-459260db5a5a72fe.js:223
[  507463ms] [ERROR] WebSocket connection to 'wss://ws.app.reclaim.ai/' failed: HTTP Authentication failed; no valid credentials available @ https://app.reclaim.ai/_next/static/chunks/pages/_app-459260db5a5a72fe.js:223
[  512572ms] [ERROR] WebSocket connection to 'wss://ws.app.reclaim.ai/' failed: HTTP Authentication failed; no valid credentials available @ https://app.reclaim.ai/_next/static/chunks/pages/_app-459260db5a5a72fe.js:223
[  517687ms] [ERROR] WebSocket connection to 'wss://ws.app.reclaim.ai/' failed: HTTP Authentication failed; no valid credentials available @ https://app.reclaim.ai/_next/static/chunks/pages/_app-459260db5a5a72fe.js:223
[  522796ms] [ERROR] WebSocket connection to 'wss://ws.app.reclaim.ai/' failed: HTTP Authentication failed; no valid credentials available @ https://app.reclaim.ai/_next/static/chunks/pages/_app-459260db5a5a72fe.js:223
[  527900ms] [ERROR] WebSocket connection to 'wss://ws.app.reclaim.ai/' failed: HTTP Authentication failed; no valid credentials available @ https://app.reclaim.ai/_next/static/chunks/pages/_app-459260db5a5a72fe.js:223
[  533078ms] [ERROR] WebSocket connection to 'wss://ws.app.reclaim.ai/' failed: HTTP Authentication failed; no valid credentials available @ https://app.reclaim.ai/_next/static/chunks/pages/_app-459260db5a5a72fe.js:223
[  538327ms] [ERROR] WebSocket connection to 'wss://ws.app.reclaim.ai/' failed: HTTP Authentication failed; no valid credentials available @ https://app.reclaim.ai/_next/static/chunks/pages/_app-459260db5a5a72fe.js:223
[  543618ms] [ERROR] WebSocket connection to 'wss://ws.app.reclaim.ai/' failed: HTTP Authentication failed; no valid credentials available @ https://app.reclaim.ai/_next/static/chunks/pages/_app-459260db5a5a72fe.js:223
[  549324ms] [ERROR] WebSocket connection to 'wss://ws.app.reclaim.ai/' failed: HTTP Authentication failed; no valid credentials available @ https://app.reclaim.ai/_next/static/chunks/pages/_app-459260db5a5a72fe.js:223
[  555184ms] [ERROR] WebSocket connection to 'wss://ws.app.reclaim.ai/' failed: HTTP Authentication failed; no valid credentials available @ https://app.reclaim.ai/_next/static/chunks/pages/_app-459260db5a5a72fe.js:223
[  562000ms] [ERROR] WebSocket connection to 'wss://ws.app.reclaim.ai/' failed: HTTP Authentication failed; no valid credentials available @ https://app.reclaim.ai/_next/static/chunks/pages/_app-459260db5a5a72fe.js:223
[  569698ms] [ERROR] WebSocket connection to 'wss://ws.app.reclaim.ai/' failed: HTTP Authentication failed; no valid credentials available @ https://app.reclaim.ai/_next/static/chunks/pages/_app-459260db5a5a72fe.js:223
[  578264ms] [ERROR] WebSocket connection to 'wss://ws.app.reclaim.ai/' failed: HTTP Authentication failed; no valid credentials available @ https://app.reclaim.ai/_next/static/chunks/pages/_app-459260db5a5a72fe.js:223
[  586304ms] [ERROR] WebSocket connection to 'wss://ws.app.reclaim.ai/' failed: HTTP Authentication failed; no valid credentials available @ https://app.reclaim.ai/_next/static/chunks/pages/_app-459260db5a5a72fe.js:223
[  592592ms] [ERROR] WebSocket connection to 'wss://ws.app.reclaim.ai/' failed: HTTP Authentication failed; no valid credentials available @ https://app.reclaim.ai/_next/static/chunks/pages/_app-459260db5a5a72fe.js:223
[  602371ms] [ERROR] WebSocket connection to 'wss://ws.app.reclaim.ai/' failed: HTTP Authentication failed; no valid credentials available @ https://app.reclaim.ai/_next/static/chunks/pages/_app-459260db5a5a72fe.js:223
[  607481ms] [ERROR] WebSocket connection to 'wss://ws.app.reclaim.ai/' failed: HTTP Authentication failed; no valid credentials available @ https://app.reclaim.ai/_next/static/chunks/pages/_app-459260db5a5a72fe.js:223
[  612583ms] [ERROR] WebSocket connection to 'wss://ws.app.reclaim.ai/' failed: HTTP Authentication failed; no valid credentials available @ https://app.reclaim.ai/_next/static/chunks/pages/_app-459260db5a5a72fe.js:223
[  617691ms] [ERROR] WebSocket connection to 'wss://ws.app.reclaim.ai/' failed: HTTP Authentication failed; no valid credentials available @ https://app.reclaim.ai/_next/static/chunks/pages/_app-459260db5a5a72fe.js:223
[  622801ms] [ERROR] WebSocket connection to 'wss://ws.app.reclaim.ai/' failed: HTTP Authentication failed; no valid credentials available @ https://app.reclaim.ai/_next/static/chunks/pages/_app-459260db5a5a72fe.js:223
[  627906ms] [ERROR] WebSocket connection to 'wss://ws.app.reclaim.ai/' failed: HTTP Authentication failed; no valid credentials available @ https://app.reclaim.ai/_next/static/chunks/pages/_app-459260db5a5a72fe.js:223
[  633058ms] [ERROR] WebSocket connection to 'wss://ws.app.reclaim.ai/' failed: HTTP Authentication failed; no valid credentials available @ https://app.reclaim.ai/_next/static/chunks/pages/_app-459260db5a5a72fe.js:223
[  638169ms] [ERROR] WebSocket connection to 'wss://ws.app.reclaim.ai/' failed: HTTP Authentication failed; no valid credentials available @ https://app.reclaim.ai/_next/static/chunks/pages/_app-459260db5a5a72fe.js:223
[  643291ms] [ERROR] WebSocket connection to 'wss://ws.app.reclaim.ai/' failed: HTTP Authentication failed; no valid credentials available @ https://app.reclaim.ai/_next/static/chunks/pages/_app-459260db5a5a72fe.js:223
[  648427ms] [ERROR] WebSocket connection to 'wss://ws.app.reclaim.ai/' failed: HTTP Authentication failed; no valid credentials available @ https://app.reclaim.ai/_next/static/chunks/pages/_app-459260db5a5a72fe.js:223
[  653578ms] [ERROR] WebSocket connection to 'wss://ws.app.reclaim.ai/' failed: HTTP Authentication failed; no valid credentials available @ https://app.reclaim.ai/_next/static/chunks/pages/_app-459260db5a5a72fe.js:223
[  658803ms] [ERROR] WebSocket connection to 'wss://ws.app.reclaim.ai/' failed: HTTP Authentication failed; no valid credentials available @ https://app.reclaim.ai/_next/static/chunks/pages/_app-459260db5a5a72fe.js:223
[  664001ms] [ERROR] WebSocket connection to 'wss://ws.app.reclaim.ai/' failed: HTTP Authentication failed; no valid credentials available @ https://app.reclaim.ai/_next/static/chunks/pages/_app-459260db5a5a72fe.js:223
[  669623ms] [ERROR] WebSocket connection to 'wss://ws.app.reclaim.ai/' failed: HTTP Authentication failed; no valid credentials available @ https://app.reclaim.ai/_next/static/chunks/pages/_app-459260db5a5a72fe.js:223
[  675349ms] [ERROR] WebSocket connection to 'wss://ws.app.reclaim.ai/' failed: HTTP Authentication failed; no valid credentials available @ https://app.reclaim.ai/_next/static/chunks/pages/_app-459260db5a5a72fe.js:223
[  682910ms] [ERROR] WebSocket connection to 'wss://ws.app.reclaim.ai/' failed: HTTP Authentication failed; no valid credentials available @ https://app.reclaim.ai/_next/static/chunks/pages/_app-459260db5a5a72fe.js:223
[  689366ms] [ERROR] WebSocket connection to 'wss://ws.app.reclaim.ai/' failed: HTTP Authentication failed; no valid credentials available @ https://app.reclaim.ai/_next/static/chunks/pages/_app-459260db5a5a72fe.js:223
[  696026ms] [ERROR] WebSocket connection to 'wss://ws.app.reclaim.ai/' failed: HTTP Authentication failed; no valid credentials available @ https://app.reclaim.ai/_next/static/chunks/pages/_app-459260db5a5a72fe.js:223
[  702274ms] [ERROR] WebSocket connection to 'wss://ws.app.reclaim.ai/' failed: HTTP Authentication failed; no valid credentials available @ https://app.reclaim.ai/_next/static/chunks/pages/_app-459260db5a5a72fe.js:223
[  712143ms] [ERROR] WebSocket connection to 'wss://ws.app.reclaim.ai/' failed: HTTP Authentication failed; no valid credentials available @ https://app.reclaim.ai/_next/static/chunks/pages/_app-459260db5a5a72fe.js:223
[  718420ms] [ERROR] WebSocket connection to 'wss://ws.app.reclaim.ai/' failed: HTTP Authentication failed; no valid credentials available @ https://app.reclaim.ai/_next/static/chunks/pages/_app-459260db5a5a72fe.js:223
[  725168ms] [ERROR] WebSocket connection to 'wss://ws.app.reclaim.ai/' failed: HTTP Authentication failed; no valid credentials available @ https://app.reclaim.ai/_next/static/chunks/pages/_app-459260db5a5a72fe.js:223
[  730296ms] [ERROR] WebSocket connection to 'wss://ws.app.reclaim.ai/' failed: HTTP Authentication failed; no valid credentials available @ https://app.reclaim.ai/_next/static/chunks/pages/_app-459260db5a5a72fe.js:223
[  735402ms] [ERROR] WebSocket connection to 'wss://ws.app.reclaim.ai/' failed: HTTP Authentication failed; no valid credentials available @ https://app.reclaim.ai/_next/static/chunks/pages/_app-459260db5a5a72fe.js:223
[  740504ms] [ERROR] WebSocket connection to 'wss://ws.app.reclaim.ai/' failed: HTTP Authentication failed; no valid credentials available @ https://app.reclaim.ai/_next/static/chunks/pages/_app-459260db5a5a72fe.js:223
[  745623ms] [ERROR] WebSocket connection to 'wss://ws.app.reclaim.ai/' failed: HTTP Authentication failed; no valid credentials available @ https://app.reclaim.ai/_next/static/chunks/pages/_app-459260db5a5a72fe.js:223
[  750742ms] [ERROR] WebSocket connection to 'wss://ws.app.reclaim.ai/' failed: HTTP Authentication failed; no valid credentials available @ https://app.reclaim.ai/_next/static/chunks/pages/_app-459260db5a5a72fe.js:223
[  755857ms] [ERROR] WebSocket connection to 'wss://ws.app.reclaim.ai/' failed: HTTP Authentication failed; no valid credentials available @ https://app.reclaim.ai/_next/static/chunks/pages/_app-459260db5a5a72fe.js:223
[  760999ms] [ERROR] WebSocket connection to 'wss://ws.app.reclaim.ai/' failed: HTTP Authentication failed; no valid credentials available @ https://app.reclaim.ai/_next/static/chunks/pages/_app-459260db5a5a72fe.js:223
[  766116ms] [ERROR] WebSocket connection to 'wss://ws.app.reclaim.ai/' failed: HTTP Authentication failed; no valid credentials available @ https://app.reclaim.ai/_next/static/chunks/pages/_app-459260db5a5a72fe.js:223
[  771232ms] [ERROR] WebSocket connection to 'wss://ws.app.reclaim.ai/' failed: HTTP Authentication failed; no valid credentials available @ https://app.reclaim.ai/_next/static/chunks/pages/_app-459260db5a5a72fe.js:223
[  776399ms] [ERROR] WebSocket connection to 'wss://ws.app.reclaim.ai/' failed: HTTP Authentication failed; no valid credentials available @ https://app.reclaim.ai/_next/static/chunks/pages/_app-459260db5a5a72fe.js:223
[  781757ms] [ERROR] WebSocket connection to 'wss://ws.app.reclaim.ai/' failed: HTTP Authentication failed; no valid credentials available @ https://app.reclaim.ai/_next/static/chunks/pages/_app-459260db5a5a72fe.js:223
[  787073ms] [ERROR] WebSocket connection to 'wss://ws.app.reclaim.ai/' failed: HTTP Authentication failed; no valid credentials available @ https://app.reclaim.ai/_next/static/chunks/pages/_app-459260db5a5a72fe.js:223
[  792393ms] [ERROR] WebSocket connection to 'wss://ws.app.reclaim.ai/' failed: HTTP Authentication failed; no valid credentials available @ https://app.reclaim.ai/_next/static/chunks/pages/_app-459260db5a5a72fe.js:223
[  798371ms] [ERROR] WebSocket connection to 'wss://ws.app.reclaim.ai/' failed: HTTP Authentication failed; no valid credentials available @ https://app.reclaim.ai/_next/static/chunks/pages/_app-459260db5a5a72fe.js:223
[  805368ms] [ERROR] WebSocket connection to 'wss://ws.app.reclaim.ai/' failed: HTTP Authentication failed; no valid credentials available @ https://app.reclaim.ai/_next/static/chunks/pages/_app-459260db5a5a72fe.js:223
[  812094ms] [ERROR] WebSocket connection to 'wss://ws.app.reclaim.ai/' failed: HTTP Authentication failed; no valid credentials available @ https://app.reclaim.ai/_next/static/chunks/pages/_app-459260db5a5a72fe.js:223
[  822076ms] [ERROR] WebSocket connection to 'wss://ws.app.reclaim.ai/' failed: HTTP Authentication failed; no valid credentials available @ https://app.reclaim.ai/_next/static/chunks/pages/_app-459260db5a5a72fe.js:223
